info it worked if it ends with ok
verbose cli [ 'node',
verbose cli   '/usr/local/bin/npm',
verbose cli   'install',
verbose cli   'haraka',
verbose cli   'request',
verbose cli   'buffers' ]
info using npm@1.0.6
info using node@v0.4.7
verbose config file /Users/maxogden/.npmrc
verbose config file /usr/local/etc/npmrc
silly testEngine { name: 'mailer',
silly testEngine   description: 'send emails from node.js to a smtp server, simple as cake',
silly testEngine   version: '0.5.6',
silly testEngine   author: { name: 'Marak Squires' },
silly testEngine   contributors: 
silly testEngine    [ { name: 'Elijah Insua',
silly testEngine        email: 'tmpvar@gmail.com',
silly testEngine        url: 'http://tmvpar.com/' },
silly testEngine      { name: 'Fedor Indutny',
silly testEngine        email: 'fedor.indutny@gmail.com',
silly testEngine        url: 'http://indutny.com/' },
silly testEngine      { name: 'Bradley Meck',
silly testEngine        email: 'bradley.meck@gmail.com',
silly testEngine        url: 'http://bradleymeck.com' } ],
silly testEngine   repository: 
silly testEngine    { type: 'git',
silly testEngine      url: 'git://github.com/Marak/node_mailer.git' },
silly testEngine   dependencies: { nodemailer: '>= 0.1.10', colors: '>= 0.3.0' },
silly testEngine   engine: [ 'node >=0.3.0' ],
silly testEngine   main: 'lib/node_mailer',
silly testEngine   devDependencies: {},
silly testEngine   _id: 'mailer@0.5.6',
silly testEngine   engines: { node: '*' },
silly testEngine   _engineSupported: true,
silly testEngine   _npmVersion: '1.0.6',
silly testEngine   _nodeVersion: 'v0.4.7',
silly testEngine   _defaultsLoaded: true }
verbose caching /Users/maxogden/haraka-couchdb/node_modules/mailer/package.json
verbose loadDefaults mailer@0.5.6
verbose into /Users/maxogden/haraka-couchdb [ 'haraka', 'request', 'buffers' ]
verbose cache add [ 'haraka', null ]
verbose cache add [ 'request', null ]
verbose cache add [ 'buffers', null ]
info addNamed [ 'haraka', '' ]
verbose addNamed [ null, '' ]
info addNamed [ 'request', '' ]
verbose addNamed [ null, '' ]
info addNamed [ 'buffers', '' ]
verbose addNamed [ null, '' ]
verbose GET haraka
verbose raw, before any munging haraka
verbose url resolving [ 'http://registry.npmjs.org/', './haraka' ]
verbose url resolved http://registry.npmjs.org/haraka
verbose url parsed { protocol: 'http:',
verbose url parsed   slashes: true,
verbose url parsed   host: 'registry.npmjs.org',
verbose url parsed   hostname: 'registry.npmjs.org',
verbose url parsed   href: 'http://registry.npmjs.org/haraka',
verbose url parsed   pathname: '/haraka' }
verbose GET buffers
verbose raw, before any munging buffers
verbose url resolving [ 'http://registry.npmjs.org/', './buffers' ]
verbose url resolved http://registry.npmjs.org/buffers
verbose url parsed { protocol: 'http:',
verbose url parsed   slashes: true,
verbose url parsed   host: 'registry.npmjs.org',
verbose url parsed   hostname: 'registry.npmjs.org',
verbose url parsed   href: 'http://registry.npmjs.org/buffers',
verbose url parsed   pathname: '/buffers' }
verbose etag "3D5PZOUOLIUP7LC1VBEVB9BQW"
verbose GET request
verbose raw, before any munging request
verbose url resolving [ 'http://registry.npmjs.org/', './request' ]
verbose url resolved http://registry.npmjs.org/request
verbose url parsed { protocol: 'http:',
verbose url parsed   slashes: true,
verbose url parsed   host: 'registry.npmjs.org',
verbose url parsed   hostname: 'registry.npmjs.org',
verbose url parsed   href: 'http://registry.npmjs.org/request',
verbose url parsed   pathname: '/request' }
verbose etag "N3H7ED0RYKKG3130RCI8CO11"
verbose response http://registry.npmjs.org/haraka
silly chunk {"error":"not_found","reason":"document not found"}
silly chunk 
silly get cb [ 404,
silly get cb   { server: 'CouchDB/1.0.2 (Erlang OTP/R14B)',
silly get cb     date: 'Sat, 21 May 2011 02:42:53 GMT',
silly get cb     'content-type': 'application/json',
silly get cb     'content-length': '52',
silly get cb     'cache-control': 'must-revalidate' } ]
ERR! 404 'haraka' is not in the npm registry.
ERR! 404 You should bug the author to publish it.
ERR! 404 Note that you can also install from a tarball or folder.
ERR! 
ERR! System Darwin 10.7.0
ERR! command "node" "/usr/local/bin/npm" "install" "haraka" "request" "buffers"
verbose exit [ 1, true ]
